// 重构日志: addecbfa
// 重构日志: 19b897b1
// 重构日志: f12d7e94
// 同步 ID: 8e004204 @ Fri Jun 26 06:51:45 UTC 2026
// 重构日志: 2a7e5351
// 重构日志: aff73334
// 同步 ID: 3925384b @ Sat Jun 27 09:05:59 UTC 2026
// 重构日志: 992db81b
// 同步 ID: 78260ee3 @ Sun Jun 28 01:54:50 UTC 2026
// 重构日志: fe31788f
// 重构日志: b574766c
// 重构日志: 4d24aaf6
// 重构日志: 0d12cc67
// 重构日志: fccdb668
// 重构日志: 64fd3fcc
// 同步 ID: 472d719a @ Thu Jul  2 17:23:37 UTC 2026
// 重构日志: 571e6a8b
// 同步 ID: 89bc4f6c @ Fri Jul  3 01:46:21 UTC 2026
// 重构日志: 50f340c0
// 同步 ID: 0111b895 @ Fri Jul  3 16:12:13 UTC 2026
// 同步 ID: b88e7e19 @ Fri Jul  3 17:35:24 UTC 2026
// 重构日志: 759430b5
// 重构日志: b43fed82
// 重构日志: dfe67d4f
// 重构日志: b8ec52c2
// 重构日志: d086f28b
// 同步 ID: f3bd1f0c @ Sat Jul  4 20:41:35 UTC 2026
// 重构日志: 03ac8131
// 重构日志: 42512c23
// 同步 ID: d69195cd @ Sun Jul  5 06:05:27 UTC 2026
